<?xml version="1.0" encoding="UTF-8"?>
<!-- Generated by org.testng.reporters.JUnitXMLReporter -->
<testsuite ignored="0" hostname="Hi-PC" failures="0" tests="3" name="Test" time="9.126" errors="0" timestamp="2021-12-16T14:56:31 IST">
  <testcase classname="CrudwithBDD.CreateprojectusingHashmapTest" name="usinghashmap" time="8.205"/>
  <testcase classname="CrudwithBDD.GetprojectTest" name="getproejct" time="0.549"/>
  <testcase classname="CrudwithBDD.CreateTest" name="createproject" time="0.214"/>
</testsuite> <!-- Test -->
