<?xml version="1.0" encoding="UTF-8"?>
<testng-results ignored="0" total="1" passed="1" failed="0" skipped="0">
  <reporter-output>
  </reporter-output>
  <suite started-at="2021-12-16T15:44:34 IST" name="Default suite" finished-at="2021-12-16T15:44:34 IST" duration-ms="158">
    <groups>
    </groups>
    <test started-at="2021-12-16T15:44:34 IST" name="Default test" finished-at="2021-12-16T15:44:34 IST" duration-ms="158">
      <class name="CrudwithBDD.Sample">
        <test-method signature="Nooru()[pri:0, instance:CrudwithBDD.Sample@3c73951]" started-at="2021-12-16T15:44:34 IST" name="Nooru" finished-at="2021-12-16T15:44:34 IST" duration-ms="27" status="PASS">
          <reporter-output>
          </reporter-output>
        </test-method> <!-- Nooru -->
      </class> <!-- CrudwithBDD.Sample -->
    </test> <!-- Default test -->
  </suite> <!-- Default suite -->
</testng-results>
