<?xml version="1.0" encoding="UTF-8"?>
<testng-results ignored="0" total="3" passed="3" failed="0" skipped="0">
  <reporter-output>
  </reporter-output>
  <suite started-at="2021-12-16T14:56:22 IST" name="Suite" finished-at="2021-12-16T14:56:31 IST" duration-ms="9126">
    <groups>
    </groups>
    <test started-at="2021-12-16T14:56:22 IST" name="Test" finished-at="2021-12-16T14:56:31 IST" duration-ms="9126">
      <class name="CrudwithBDD.CreateTest">
        <test-method signature="createproject()[pri:0, instance:CrudwithBDD.CreateTest@4efc180e]" started-at="2021-12-16T14:56:31 IST" name="createproject" finished-at="2021-12-16T14:56:31 IST" duration-ms="214" status="PASS">
          <reporter-output>
          </reporter-output>
        </test-method> <!-- createproject -->
      </class> <!-- CrudwithBDD.CreateTest -->
      <class name="CrudwithBDD.CreateprojectusingHashmapTest">
        <test-method signature="usinghashmap()[pri:0, instance:CrudwithBDD.CreateprojectusingHashmapTest@14555e0a]" started-at="2021-12-16T14:56:22 IST" name="usinghashmap" finished-at="2021-12-16T14:56:31 IST" duration-ms="8205" status="PASS">
          <reporter-output>
          </reporter-output>
        </test-method> <!-- usinghashmap -->
      </class> <!-- CrudwithBDD.CreateprojectusingHashmapTest -->
      <class name="CrudwithBDD.GetprojectTest">
        <test-method signature="getproejct()[pri:0, instance:CrudwithBDD.GetprojectTest@5fbdfdcf]" started-at="2021-12-16T14:56:31 IST" name="getproejct" finished-at="2021-12-16T14:56:31 IST" duration-ms="549" status="PASS">
          <reporter-output>
          </reporter-output>
        </test-method> <!-- getproejct -->
      </class> <!-- CrudwithBDD.GetprojectTest -->
    </test> <!-- Test -->
  </suite> <!-- Suite -->
</testng-results>
